<?xml version="1.0" encoding="UTF-8"?>
<!-- Generated by org.testng.reporters.JUnitReportReporter -->
<testsuite hostname="Windows" failures="0" tests="1" name="Contact.addCont" time="24.582" errors="0" timestamp="2024-08-02T00:08:46 IST" skipped="0">
  <testcase classname="Contact.addCont" name="cont" time="24.582">
    <system-out>
      <![CDATA[cont is executed]]>
    </system-out>
  </testcase> <!-- cont -->
  <system-out>
    <![CDATA[cont is executed]]>
  </system-out>
</testsuite> <!-- Contact.addCont -->
