<?xml version="1.0" encoding="UTF-8"?>
<!-- Generated by org.testng.reporters.JUnitReportReporter -->
<testsuite hostname="Windows" failures="0" tests="1" name="Organization.Login" time="10.774" errors="0" timestamp="2024-08-01T22:58:54 IST" skipped="0">
  <testcase classname="Organization.Login" name="login" time="10.774"/>
</testsuite> <!-- Organization.Login -->
