<?xml version="1.0" encoding="UTF-8"?>
<!-- Generated by org.testng.reporters.JUnitReportReporter -->
<testsuite hostname="Windows" failures="0" tests="1" name="Organization.addTask" time="9.344" errors="0" timestamp="2024-08-01T23:46:35 IST" skipped="0">
  <testcase classname="Organization.addTask" name="task" time="9.344">
    <system-out>
      <![CDATA[task is executed]]>
    </system-out>
  </testcase> <!-- task -->
  <system-out>
    <![CDATA[task is executed]]>
  </system-out>
</testsuite> <!-- Organization.addTask -->
